{"C:\\Users\\e432775\\git\\week5project\\public\\app.js": {"path":"C:\\Users\\e432775\\git\\week5project\\public\\app.js","statementMap":{"0":{"start":{"line":15,"column":16},"end":{"line":15,"column":85}},"1":{"start":{"line":16,"column":17},"end":{"line":16,"column":91}},"2":{"start":{"line":17,"column":16},"end":{"line":17,"column":85}},"3":{"start":{"line":22,"column":15},"end":{"line":22,"column":51}},"4":{"start":{"line":24,"column":0},"end":{"line":27,"column":2}},"5":{"start":{"line":25,"column":2},"end":{"line":25,"column":51}},"6":{"start":{"line":29,"column":0},"end":{"line":31,"column":2}},"7":{"start":{"line":30,"column":2},"end":{"line":30,"column":51}},"8":{"start":{"line":33,"column":0},"end":{"line":35,"column":2}},"9":{"start":{"line":34,"column":2},"end":{"line":34,"column":56}},"10":{"start":{"line":37,"column":0},"end":{"line":39,"column":2}},"11":{"start":{"line":38,"column":2},"end":{"line":38,"column":32}},"12":{"start":{"line":44,"column":22},"end":{"line":46,"column":1}},"13":{"start":{"line":45,"column":4},"end":{"line":45,"column":44}},"14":{"start":{"line":48,"column":20},"end":{"line":50,"column":1}},"15":{"start":{"line":49,"column":4},"end":{"line":49,"column":42}},"16":{"start":{"line":55,"column":13},"end":{"line":149,"column":1}},"17":{"start":{"line":56,"column":28},"end":{"line":56,"column":46}},"18":{"start":{"line":57,"column":50},"end":{"line":57,"column":71}},"19":{"start":{"line":59,"column":2},"end":{"line":67,"column":9}},"20":{"start":{"line":60,"column":4},"end":{"line":66,"column":9}},"21":{"start":{"line":62,"column":8},"end":{"line":62,"column":32}},"22":{"start":{"line":65,"column":8},"end":{"line":65,"column":29}},"23":{"start":{"line":69,"column":21},"end":{"line":82,"column":3}},"24":{"start":{"line":70,"column":4},"end":{"line":70,"column":23}},"25":{"start":{"line":71,"column":22},"end":{"line":71,"column":59}},"26":{"start":{"line":72,"column":23},"end":{"line":72,"column":61}},"27":{"start":{"line":73,"column":4},"end":{"line":81,"column":9}},"28":{"start":{"line":75,"column":8},"end":{"line":75,"column":44}},"29":{"start":{"line":76,"column":8},"end":{"line":76,"column":51}},"30":{"start":{"line":77,"column":8},"end":{"line":77,"column":52}},"31":{"start":{"line":80,"column":8},"end":{"line":80,"column":29}},"32":{"start":{"line":84,"column":21},"end":{"line":98,"column":3}},"33":{"start":{"line":85,"column":22},"end":{"line":85,"column":65}},"34":{"start":{"line":86,"column":23},"end":{"line":86,"column":67}},"35":{"start":{"line":87,"column":4},"end":{"line":87,"column":46}},"36":{"start":{"line":88,"column":4},"end":{"line":88,"column":36}},"37":{"start":{"line":89,"column":4},"end":{"line":89,"column":38}},"38":{"start":{"line":90,"column":4},"end":{"line":97,"column":9}},"39":{"start":{"line":92,"column":8},"end":{"line":92,"column":50}},"40":{"start":{"line":93,"column":8},"end":{"line":93,"column":76}},"41":{"start":{"line":93,"column":35},"end":{"line":93,"column":73}},"42":{"start":{"line":96,"column":8},"end":{"line":96,"column":46}},"43":{"start":{"line":100,"column":21},"end":{"line":110,"column":3}},"44":{"start":{"line":101,"column":4},"end":{"line":101,"column":46}},"45":{"start":{"line":102,"column":4},"end":{"line":109,"column":9}},"46":{"start":{"line":104,"column":8},"end":{"line":104,"column":50}},"47":{"start":{"line":105,"column":8},"end":{"line":105,"column":56}},"48":{"start":{"line":105,"column":38},"end":{"line":105,"column":53}},"49":{"start":{"line":108,"column":8},"end":{"line":108,"column":46}},"50":{"start":{"line":112,"column":40},"end":{"line":114,"column":3}},"51":{"start":{"line":113,"column":4},"end":{"line":113,"column":43}},"52":{"start":{"line":116,"column":2},"end":{"line":148,"column":4}},"53":{"start":{"line":135,"column":24},"end":{"line":146,"column":7}},"54":{"start":{"line":138,"column":10},"end":{"line":138,"column":29}},"55":{"start":{"line":139,"column":10},"end":{"line":139,"column":31}},"56":{"start":{"line":145,"column":55},"end":{"line":145,"column":75}},"57":{"start":{"line":154,"column":12},"end":{"line":179,"column":1}},"58":{"start":{"line":155,"column":38},"end":{"line":155,"column":59}},"59":{"start":{"line":156,"column":36},"end":{"line":156,"column":56}},"60":{"start":{"line":158,"column":2},"end":{"line":164,"column":9}},"61":{"start":{"line":159,"column":22},"end":{"line":159,"column":65}},"62":{"start":{"line":160,"column":4},"end":{"line":163,"column":5}},"63":{"start":{"line":161,"column":6},"end":{"line":161,"column":42}},"64":{"start":{"line":162,"column":6},"end":{"line":162,"column":26}},"65":{"start":{"line":166,"column":2},"end":{"line":178,"column":4}},"66":{"start":{"line":184,"column":2},"end":{"line":190,"column":4}},"67":{"start":{"line":192,"column":0},"end":{"line":197,"column":1}},"68":{"start":{"line":193,"column":2},"end":{"line":196,"column":4}}},"fnMap":{"0":{"name":"(anonymous_0)","decl":{"start":{"line":24,"column":19},"end":{"line":24,"column":20}},"loc":{"start":{"line":24,"column":30},"end":{"line":27,"column":1}},"line":24},"1":{"name":"(anonymous_1)","decl":{"start":{"line":29,"column":16},"end":{"line":29,"column":17}},"loc":{"start":{"line":29,"column":22},"end":{"line":31,"column":1}},"line":29},"2":{"name":"(anonymous_2)","decl":{"start":{"line":33,"column":17},"end":{"line":33,"column":18}},"loc":{"start":{"line":33,"column":23},"end":{"line":35,"column":1}},"line":33},"3":{"name":"(anonymous_3)","decl":{"start":{"line":37,"column":17},"end":{"line":37,"column":18}},"loc":{"start":{"line":37,"column":28},"end":{"line":39,"column":1}},"line":37},"4":{"name":"(anonymous_4)","decl":{"start":{"line":44,"column":22},"end":{"line":44,"column":23}},"loc":{"start":{"line":44,"column":28},"end":{"line":46,"column":1}},"line":44},"5":{"name":"(anonymous_5)","decl":{"start":{"line":48,"column":20},"end":{"line":48,"column":21}},"loc":{"start":{"line":48,"column":26},"end":{"line":50,"column":1}},"line":48},"6":{"name":"(anonymous_6)","decl":{"start":{"line":55,"column":13},"end":{"line":55,"column":14}},"loc":{"start":{"line":55,"column":19},"end":{"line":149,"column":1}},"line":55},"7":{"name":"(anonymous_7)","decl":{"start":{"line":59,"column":18},"end":{"line":59,"column":19}},"loc":{"start":{"line":59,"column":24},"end":{"line":67,"column":3}},"line":59},"8":{"name":"(anonymous_8)","decl":{"start":{"line":61,"column":12},"end":{"line":61,"column":13}},"loc":{"start":{"line":61,"column":24},"end":{"line":63,"column":7}},"line":61},"9":{"name":"(anonymous_9)","decl":{"start":{"line":64,"column":13},"end":{"line":64,"column":14}},"loc":{"start":{"line":64,"column":22},"end":{"line":66,"column":7}},"line":64},"10":{"name":"(anonymous_10)","decl":{"start":{"line":69,"column":21},"end":{"line":69,"column":22}},"loc":{"start":{"line":69,"column":28},"end":{"line":82,"column":3}},"line":69},"11":{"name":"(anonymous_11)","decl":{"start":{"line":74,"column":12},"end":{"line":74,"column":13}},"loc":{"start":{"line":74,"column":24},"end":{"line":78,"column":7}},"line":74},"12":{"name":"(anonymous_12)","decl":{"start":{"line":79,"column":13},"end":{"line":79,"column":14}},"loc":{"start":{"line":79,"column":22},"end":{"line":81,"column":7}},"line":79},"13":{"name":"(anonymous_13)","decl":{"start":{"line":84,"column":21},"end":{"line":84,"column":22}},"loc":{"start":{"line":84,"column":29},"end":{"line":98,"column":3}},"line":84},"14":{"name":"(anonymous_14)","decl":{"start":{"line":91,"column":12},"end":{"line":91,"column":13}},"loc":{"start":{"line":91,"column":24},"end":{"line":94,"column":7}},"line":91},"15":{"name":"(anonymous_15)","decl":{"start":{"line":93,"column":27},"end":{"line":93,"column":28}},"loc":{"start":{"line":93,"column":35},"end":{"line":93,"column":73}},"line":93},"16":{"name":"(anonymous_16)","decl":{"start":{"line":95,"column":13},"end":{"line":95,"column":14}},"loc":{"start":{"line":95,"column":22},"end":{"line":97,"column":7}},"line":95},"17":{"name":"(anonymous_17)","decl":{"start":{"line":100,"column":21},"end":{"line":100,"column":22}},"loc":{"start":{"line":100,"column":29},"end":{"line":110,"column":3}},"line":100},"18":{"name":"(anonymous_18)","decl":{"start":{"line":103,"column":12},"end":{"line":103,"column":13}},"loc":{"start":{"line":103,"column":24},"end":{"line":106,"column":7}},"line":103},"19":{"name":"(anonymous_19)","decl":{"start":{"line":105,"column":30},"end":{"line":105,"column":31}},"loc":{"start":{"line":105,"column":38},"end":{"line":105,"column":53}},"line":105},"20":{"name":"(anonymous_20)","decl":{"start":{"line":107,"column":13},"end":{"line":107,"column":14}},"loc":{"start":{"line":107,"column":22},"end":{"line":109,"column":7}},"line":107},"21":{"name":"(anonymous_21)","decl":{"start":{"line":112,"column":40},"end":{"line":112,"column":41}},"loc":{"start":{"line":112,"column":46},"end":{"line":114,"column":3}},"line":112},"22":{"name":"(anonymous_22)","decl":{"start":{"line":135,"column":16},"end":{"line":135,"column":17}},"loc":{"start":{"line":135,"column":24},"end":{"line":146,"column":7}},"line":135},"23":{"name":"(anonymous_23)","decl":{"start":{"line":137,"column":48},"end":{"line":137,"column":49}},"loc":{"start":{"line":137,"column":53},"end":{"line":140,"column":9}},"line":137},"24":{"name":"(anonymous_24)","decl":{"start":{"line":145,"column":49},"end":{"line":145,"column":50}},"loc":{"start":{"line":145,"column":55},"end":{"line":145,"column":75}},"line":145},"25":{"name":"(anonymous_25)","decl":{"start":{"line":154,"column":12},"end":{"line":154,"column":13}},"loc":{"start":{"line":154,"column":18},"end":{"line":179,"column":1}},"line":154},"26":{"name":"(anonymous_26)","decl":{"start":{"line":158,"column":18},"end":{"line":158,"column":19}},"loc":{"start":{"line":158,"column":24},"end":{"line":164,"column":3}},"line":158}},"branchMap":{"0":{"loc":{"start":{"line":15,"column":16},"end":{"line":15,"column":85}},"type":"binary-expr","locations":[{"start":{"line":15,"column":17},"end":{"line":15,"column":46}},{"start":{"line":15,"column":50},"end":{"line":15,"column":62}},{"start":{"line":15,"column":69},"end":{"line":15,"column":85}}],"line":15},"1":{"loc":{"start":{"line":16,"column":17},"end":{"line":16,"column":91}},"type":"binary-expr","locations":[{"start":{"line":16,"column":18},"end":{"line":16,"column":47}},{"start":{"line":16,"column":51},"end":{"line":16,"column":66}},{"start":{"line":16,"column":71},"end":{"line":16,"column":91}}],"line":16},"2":{"loc":{"start":{"line":17,"column":16},"end":{"line":17,"column":85}},"type":"binary-expr","locations":[{"start":{"line":17,"column":17},"end":{"line":17,"column":46}},{"start":{"line":17,"column":50},"end":{"line":17,"column":62}},{"start":{"line":17,"column":69},"end":{"line":17,"column":85}}],"line":17},"3":{"loc":{"start":{"line":93,"column":35},"end":{"line":93,"column":73}},"type":"cond-expr","locations":[{"start":{"line":93,"column":53},"end":{"line":93,"column":66}},{"start":{"line":93,"column":69},"end":{"line":93,"column":73}}],"line":93},"4":{"loc":{"start":{"line":118,"column":68},"end":{"line":118,"column":99}},"type":"cond-expr","locations":[{"start":{"line":118,"column":87},"end":{"line":118,"column":94}},{"start":{"line":118,"column":97},"end":{"line":118,"column":99}}],"line":118},"5":{"loc":{"start":{"line":118,"column":108},"end":{"line":118,"column":139}},"type":"cond-expr","locations":[{"start":{"line":118,"column":127},"end":{"line":118,"column":134}},{"start":{"line":118,"column":137},"end":{"line":118,"column":139}}],"line":118},"6":{"loc":{"start":{"line":160,"column":4},"end":{"line":163,"column":5}},"type":"if","locations":[{"start":{"line":160,"column":4},"end":{"line":163,"column":5}},{"start":{},"end":{}}],"line":160},"7":{"loc":{"start":{"line":169,"column":4},"end":{"line":175,"column":5}},"type":"binary-expr","locations":[{"start":{"line":169,"column":4},"end":{"line":169,"column":15}},{"start":{"line":169,"column":19},"end":{"line":175,"column":5}}],"line":169},"8":{"loc":{"start":{"line":176,"column":4},"end":{"line":176,"column":77}},"type":"binary-expr","locations":[{"start":{"line":176,"column":4},"end":{"line":176,"column":14}},{"start":{"line":176,"column":18},"end":{"line":176,"column":42}},{"start":{"line":176,"column":46},"end":{"line":176,"column":77}}],"line":176},"9":{"loc":{"start":{"line":177,"column":4},"end":{"line":177,"column":75}},"type":"binary-expr","locations":[{"start":{"line":177,"column":4},"end":{"line":177,"column":14}},{"start":{"line":177,"column":18},"end":{"line":177,"column":40}},{"start":{"line":177,"column":44},"end":{"line":177,"column":75}}],"line":177},"10":{"loc":{"start":{"line":192,"column":0},"end":{"line":197,"column":1}},"type":"if","locations":[{"start":{"line":192,"column":0},"end":{"line":197,"column":1}},{"start":{},"end":{}}],"line":192},"11":{"loc":{"start":{"line":192,"column":4},"end":{"line":192,"column":70}},"type":"binary-expr","locations":[{"start":{"line":192,"column":4},"end":{"line":192,"column":35}},{"start":{"line":192,"column":39},"end":{"line":192,"column":70}}],"line":192}},"s":{"0":2,"1":2,"2":2,"3":2,"4":2,"5":1,"6":2,"7":2,"8":2,"9":1,"10":2,"11":1,"12":2,"13":1,"14":2,"15":1,"16":2,"17":26,"18":26,"19":26,"20":12,"21":9,"22":3,"23":26,"24":2,"25":2,"26":2,"27":2,"28":1,"29":1,"30":1,"31":1,"32":26,"33":3,"34":3,"35":3,"36":3,"37":3,"38":3,"39":2,"40":2,"41":3,"42":1,"43":26,"44":2,"45":2,"46":1,"47":1,"48":1,"49":1,"50":26,"51":1,"52":26,"53":12,"54":3,"55":3,"56":2,"57":2,"58":7,"59":7,"60":7,"61":4,"62":4,"63":3,"64":3,"65":7,"66":2,"67":2,"68":1},"f":{"0":1,"1":2,"2":1,"3":1,"4":1,"5":1,"6":26,"7":12,"8":9,"9":3,"10":2,"11":1,"12":1,"13":3,"14":2,"15":3,"16":1,"17":2,"18":1,"19":1,"20":1,"21":1,"22":12,"23":3,"24":2,"25":7,"26":4},"b":{"0":[2,2,2],"1":[2,2,2],"2":[2,2,2],"3":[2,1],"4":[1,25],"5":[1,25],"6":[3,1],"7":[7,4],"8":[7,3,1],"9":[7,3,1],"10":[1,1],"11":[2,2]},"_coverageSchema":"1a1c01bbd47fc00a2c39e90264f33305004495a9","hash":"4088b272aa2aaaf38499f1285e352456ad0ce7fd"}
}
