TN:
SF:app.js
FN:24,(anonymous_0)
FN:29,(anonymous_1)
FN:33,(anonymous_2)
FN:37,(anonymous_3)
FN:44,(anonymous_4)
FN:48,(anonymous_5)
FN:55,(anonymous_6)
FN:59,(anonymous_7)
FN:61,(anonymous_8)
FN:64,(anonymous_9)
FN:69,(anonymous_10)
FN:74,(anonymous_11)
FN:79,(anonymous_12)
FN:84,(anonymous_13)
FN:91,(anonymous_14)
FN:93,(anonymous_15)
FN:95,(anonymous_16)
FN:100,(anonymous_17)
FN:103,(anonymous_18)
FN:105,(anonymous_19)
FN:107,(anonymous_20)
FN:112,(anonymous_21)
FN:135,(anonymous_22)
FN:137,(anonymous_23)
FN:145,(anonymous_24)
FN:154,(anonymous_25)
FN:158,(anonymous_26)
FNF:27
FNH:27
FNDA:1,(anonymous_0)
FNDA:2,(anonymous_1)
FNDA:1,(anonymous_2)
FNDA:1,(anonymous_3)
FNDA:1,(anonymous_4)
FNDA:1,(anonymous_5)
FNDA:26,(anonymous_6)
FNDA:12,(anonymous_7)
FNDA:9,(anonymous_8)
FNDA:3,(anonymous_9)
FNDA:2,(anonymous_10)
FNDA:1,(anonymous_11)
FNDA:1,(anonymous_12)
FNDA:3,(anonymous_13)
FNDA:2,(anonymous_14)
FNDA:3,(anonymous_15)
FNDA:1,(anonymous_16)
FNDA:2,(anonymous_17)
FNDA:1,(anonymous_18)
FNDA:1,(anonymous_19)
FNDA:1,(anonymous_20)
FNDA:1,(anonymous_21)
FNDA:12,(anonymous_22)
FNDA:3,(anonymous_23)
FNDA:2,(anonymous_24)
FNDA:7,(anonymous_25)
FNDA:4,(anonymous_26)
DA:15,2
DA:16,2
DA:17,2
DA:22,2
DA:24,2
DA:25,1
DA:29,2
DA:30,2
DA:33,2
DA:34,1
DA:37,2
DA:38,1
DA:44,2
DA:45,1
DA:48,2
DA:49,1
DA:55,2
DA:56,26
DA:57,26
DA:59,26
DA:60,12
DA:62,9
DA:65,3
DA:69,26
DA:70,2
DA:71,2
DA:72,2
DA:73,2
DA:75,1
DA:76,1
DA:77,1
DA:80,1
DA:84,26
DA:85,3
DA:86,3
DA:87,3
DA:88,3
DA:89,3
DA:90,3
DA:92,2
DA:93,3
DA:96,1
DA:100,26
DA:101,2
DA:102,2
DA:104,1
DA:105,1
DA:108,1
DA:112,26
DA:113,1
DA:116,26
DA:135,12
DA:138,3
DA:139,3
DA:145,2
DA:154,2
DA:155,7
DA:156,7
DA:158,7
DA:159,4
DA:160,4
DA:161,3
DA:162,3
DA:166,7
DA:184,2
DA:192,2
DA:193,1
LF:67
LH:67
BRDA:15,0,0,2
BRDA:15,0,1,2
BRDA:15,0,2,2
BRDA:16,1,0,2
BRDA:16,1,1,2
BRDA:16,1,2,2
BRDA:17,2,0,2
BRDA:17,2,1,2
BRDA:17,2,2,2
BRDA:93,3,0,2
BRDA:93,3,1,1
BRDA:118,4,0,1
BRDA:118,4,1,25
BRDA:118,5,0,1
BRDA:118,5,1,25
BRDA:160,6,0,3
BRDA:160,6,1,1
BRDA:169,7,0,7
BRDA:169,7,1,4
BRDA:176,8,0,7
BRDA:176,8,1,3
BRDA:176,8,2,1
BRDA:177,9,0,7
BRDA:177,9,1,3
BRDA:177,9,2,1
BRDA:192,10,0,1
BRDA:192,10,1,1
BRDA:192,11,0,2
BRDA:192,11,1,2
BRF:29
BRH:29
end_of_record
