<?xml version="1.0" encoding="UTF-8"?>
<coverage generated="1758843740347" clover="3.2.0">
  <project timestamp="1758843740347" name="All files">
    <metrics statements="86" coveredstatements="78" conditionals="10" coveredconditionals="8" methods="32" coveredmethods="25" elements="128" coveredelements="111" complexity="0" loc="86" ncloc="86" packages="1" files="1" classes="1"/>
    <file name="server.js" path="C:\Users\e432775\git\week4project\server\server.js">
      <metrics statements="86" coveredstatements="78" conditionals="10" coveredconditionals="8" methods="32" coveredmethods="25"/>
      <line num="5" count="1" type="stmt"/>
      <line num="6" count="1" type="stmt"/>
      <line num="7" count="1" type="stmt"/>
      <line num="8" count="1" type="stmt"/>
      <line num="9" count="1" type="stmt"/>
      <line num="10" count="1" type="stmt"/>
      <line num="12" count="1" type="stmt"/>
      <line num="13" count="1" type="stmt"/>
      <line num="21" count="1" type="stmt"/>
      <line num="22" count="1" type="cond" truecount="2" falsecount="0"/>
      <line num="24" count="1" type="stmt"/>
      <line num="26" count="1" type="stmt"/>
      <line num="32" count="1" type="stmt"/>
      <line num="42" count="1" type="stmt"/>
      <line num="43" count="1" type="stmt"/>
      <line num="44" count="1" type="stmt"/>
      <line num="45" count="1" type="stmt"/>
      <line num="47" count="1" type="stmt"/>
      <line num="48" count="1" type="stmt"/>
      <line num="53" count="1" type="stmt"/>
      <line num="60" count="1" type="cond" truecount="1" falsecount="1"/>
      <line num="61" count="1" type="stmt"/>
      <line num="63" count="1" type="stmt"/>
      <line num="64" count="2" type="stmt"/>
      <line num="66" count="2" type="stmt"/>
      <line num="67" count="1" type="stmt"/>
      <line num="69" count="1" type="stmt"/>
      <line num="70" count="2" type="cond" truecount="4" falsecount="0"/>
      <line num="71" count="1" type="stmt"/>
      <line num="76" count="2" type="stmt"/>
      <line num="82" count="1" type="stmt"/>
      <line num="83" count="4" type="stmt"/>
      <line num="84" count="0" type="stmt"/>
      <line num="86" count="4" type="stmt"/>
      <line num="87" count="4" type="stmt"/>
      <line num="91" count="1" type="stmt"/>
      <line num="92" count="4" type="stmt"/>
      <line num="93" count="4" type="stmt"/>
      <line num="94" count="4" type="stmt"/>
      <line num="95" count="0" type="stmt"/>
      <line num="97" count="4" type="stmt"/>
      <line num="98" count="4" type="stmt"/>
      <line num="102" count="1" type="stmt"/>
      <line num="103" count="4" type="stmt"/>
      <line num="104" count="4" type="stmt"/>
      <line num="105" count="0" type="stmt"/>
      <line num="107" count="4" type="stmt"/>
      <line num="108" count="4" type="stmt"/>
      <line num="112" count="1" type="stmt"/>
      <line num="113" count="3" type="stmt"/>
      <line num="114" count="0" type="stmt"/>
      <line num="116" count="3" type="stmt"/>
      <line num="117" count="3" type="stmt"/>
      <line num="124" count="1" type="stmt"/>
      <line num="125" count="1" type="stmt"/>
      <line num="126" count="1" type="stmt"/>
      <line num="129" count="1" type="stmt"/>
      <line num="130" count="1" type="stmt"/>
      <line num="132" count="1" type="stmt"/>
      <line num="139" count="1" type="stmt"/>
      <line num="140" count="1" type="stmt"/>
      <line num="144" count="1" type="stmt"/>
      <line num="145" count="1" type="stmt"/>
      <line num="150" count="1" type="stmt"/>
      <line num="152" count="0" type="stmt"/>
      <line num="154" count="1" type="stmt"/>
      <line num="155" count="1" type="stmt"/>
      <line num="159" count="1" type="stmt"/>
      <line num="160" count="1" type="stmt"/>
      <line num="161" count="1" type="stmt"/>
      <line num="164" count="1" type="stmt"/>
      <line num="165" count="1" type="stmt"/>
      <line num="167" count="1" type="stmt"/>
      <line num="174" count="1" type="stmt"/>
      <line num="175" count="1" type="stmt"/>
      <line num="179" count="1" type="stmt"/>
      <line num="180" count="1" type="stmt"/>
      <line num="185" count="1" type="stmt"/>
      <line num="187" count="0" type="stmt"/>
      <line num="189" count="1" type="stmt"/>
      <line num="190" count="1" type="stmt"/>
      <line num="197" count="1" type="stmt"/>
      <line num="202" count="1" type="stmt"/>
      <line num="207" count="1" type="cond" truecount="1" falsecount="1"/>
      <line num="208" count="0" type="stmt"/>
      <line num="209" count="0" type="stmt"/>
    </file>
  </project>
</coverage>
