{"C:\\Users\\e432775\\git\\week4project\\server\\server.js": {"path":"C:\\Users\\e432775\\git\\week4project\\server\\server.js","statementMap":{"0":{"start":{"line":5,"column":18},"end":{"line":5,"column":36}},"1":{"start":{"line":6,"column":18},"end":{"line":6,"column":34}},"2":{"start":{"line":7,"column":18},"end":{"line":7,"column":37}},"3":{"start":{"line":8,"column":18},"end":{"line":8,"column":40}},"4":{"start":{"line":9,"column":18},"end":{"line":9,"column":34}},"5":{"start":{"line":10,"column":18},"end":{"line":10,"column":31}},"6":{"start":{"line":12,"column":12},"end":{"line":12,"column":21}},"7":{"start":{"line":13,"column":0},"end":{"line":13,"column":27}},"8":{"start":{"line":21,"column":17},"end":{"line":21,"column":55}},"9":{"start":{"line":22,"column":17},"end":{"line":22,"column":48}},"10":{"start":{"line":24,"column":0},"end":{"line":26,"column":63}},"11":{"start":{"line":26,"column":16},"end":{"line":26,"column":61}},"12":{"start":{"line":32,"column":13},"end":{"line":37,"column":2}},"13":{"start":{"line":42,"column":29},"end":{"line":42,"column":51}},"14":{"start":{"line":43,"column":29},"end":{"line":43,"column":55}},"15":{"start":{"line":44,"column":29},"end":{"line":44,"column":49}},"16":{"start":{"line":45,"column":29},"end":{"line":45,"column":53}},"17":{"start":{"line":47,"column":28},"end":{"line":47,"column":53}},"18":{"start":{"line":48,"column":28},"end":{"line":48,"column":51}},"19":{"start":{"line":53,"column":0},"end":{"line":53,"column":75}},"20":{"start":{"line":60,"column":15},"end":{"line":60,"column":57}},"21":{"start":{"line":61,"column":12},"end":{"line":61,"column":50}},"22":{"start":{"line":63,"column":0},"end":{"line":77,"column":3}},"23":{"start":{"line":64,"column":2},"end":{"line":64,"column":34}},"24":{"start":{"line":66,"column":2},"end":{"line":74,"column":5}},"25":{"start":{"line":67,"column":4},"end":{"line":67,"column":50}},"26":{"start":{"line":69,"column":4},"end":{"line":73,"column":7}},"27":{"start":{"line":70,"column":6},"end":{"line":72,"column":7}},"28":{"start":{"line":71,"column":8},"end":{"line":71,"column":29}},"29":{"start":{"line":76,"column":2},"end":{"line":76,"column":59}},"30":{"start":{"line":76,"column":23},"end":{"line":76,"column":57}},"31":{"start":{"line":82,"column":0},"end":{"line":89,"column":3}},"32":{"start":{"line":83,"column":2},"end":{"line":88,"column":7}},"33":{"start":{"line":84,"column":19},"end":{"line":84,"column":46}},"34":{"start":{"line":86,"column":6},"end":{"line":86,"column":25}},"35":{"start":{"line":87,"column":6},"end":{"line":87,"column":64}},"36":{"start":{"line":91,"column":0},"end":{"line":100,"column":3}},"37":{"start":{"line":92,"column":26},"end":{"line":92,"column":34}},"38":{"start":{"line":93,"column":15},"end":{"line":93,"column":40}},"39":{"start":{"line":94,"column":2},"end":{"line":99,"column":7}},"40":{"start":{"line":95,"column":16},"end":{"line":95,"column":42}},"41":{"start":{"line":97,"column":6},"end":{"line":97,"column":25}},"42":{"start":{"line":98,"column":6},"end":{"line":98,"column":63}},"43":{"start":{"line":102,"column":0},"end":{"line":110,"column":3}},"44":{"start":{"line":103,"column":26},"end":{"line":103,"column":34}},"45":{"start":{"line":104,"column":2},"end":{"line":109,"column":7}},"46":{"start":{"line":105,"column":18},"end":{"line":105,"column":44}},"47":{"start":{"line":107,"column":6},"end":{"line":107,"column":25}},"48":{"start":{"line":108,"column":6},"end":{"line":108,"column":63}},"49":{"start":{"line":112,"column":0},"end":{"line":119,"column":3}},"50":{"start":{"line":113,"column":2},"end":{"line":118,"column":7}},"51":{"start":{"line":114,"column":16},"end":{"line":114,"column":78}},"52":{"start":{"line":116,"column":6},"end":{"line":116,"column":25}},"53":{"start":{"line":117,"column":6},"end":{"line":117,"column":63}},"54":{"start":{"line":124,"column":0},"end":{"line":127,"column":3}},"55":{"start":{"line":125,"column":14},"end":{"line":125,"column":212}},"56":{"start":{"line":126,"column":2},"end":{"line":126,"column":20}},"57":{"start":{"line":129,"column":0},"end":{"line":157,"column":3}},"58":{"start":{"line":130,"column":15},"end":{"line":130,"column":29}},"59":{"start":{"line":132,"column":2},"end":{"line":156,"column":7}},"60":{"start":{"line":139,"column":15},"end":{"line":139,"column":34}},"61":{"start":{"line":140,"column":19},"end":{"line":142,"column":6}},"62":{"start":{"line":144,"column":16},"end":{"line":144,"column":22}},"63":{"start":{"line":145,"column":19},"end":{"line":149,"column":8}},"64":{"start":{"line":150,"column":6},"end":{"line":150,"column":25}},"65":{"start":{"line":152,"column":16},"end":{"line":152,"column":47}},"66":{"start":{"line":154,"column":6},"end":{"line":154,"column":25}},"67":{"start":{"line":155,"column":6},"end":{"line":155,"column":74}},"68":{"start":{"line":159,"column":0},"end":{"line":162,"column":3}},"69":{"start":{"line":160,"column":14},"end":{"line":160,"column":163}},"70":{"start":{"line":161,"column":2},"end":{"line":161,"column":20}},"71":{"start":{"line":164,"column":0},"end":{"line":192,"column":3}},"72":{"start":{"line":165,"column":15},"end":{"line":165,"column":29}},"73":{"start":{"line":167,"column":2},"end":{"line":191,"column":7}},"74":{"start":{"line":174,"column":15},"end":{"line":174,"column":34}},"75":{"start":{"line":175,"column":19},"end":{"line":177,"column":6}},"76":{"start":{"line":179,"column":16},"end":{"line":179,"column":22}},"77":{"start":{"line":180,"column":19},"end":{"line":184,"column":8}},"78":{"start":{"line":185,"column":6},"end":{"line":185,"column":25}},"79":{"start":{"line":187,"column":16},"end":{"line":187,"column":45}},"80":{"start":{"line":189,"column":6},"end":{"line":189,"column":25}},"81":{"start":{"line":190,"column":6},"end":{"line":190,"column":72}},"82":{"start":{"line":197,"column":0},"end":{"line":197,"column":34}},"83":{"start":{"line":202,"column":0},"end":{"line":202,"column":30}},"84":{"start":{"line":207,"column":0},"end":{"line":210,"column":1}},"85":{"start":{"line":208,"column":15},"end":{"line":208,"column":19}},"86":{"start":{"line":209,"column":2},"end":{"line":209,"column":72}},"87":{"start":{"line":209,"column":25},"end":{"line":209,"column":70}}},"fnMap":{"0":{"name":"(anonymous_0)","decl":{"start":{"line":26,"column":9},"end":{"line":26,"column":10}},"loc":{"start":{"line":26,"column":16},"end":{"line":26,"column":61}},"line":26},"1":{"name":"(anonymous_1)","decl":{"start":{"line":63,"column":21},"end":{"line":63,"column":22}},"loc":{"start":{"line":63,"column":27},"end":{"line":77,"column":1}},"line":63},"2":{"name":"(anonymous_2)","decl":{"start":{"line":66,"column":19},"end":{"line":66,"column":20}},"loc":{"start":{"line":66,"column":30},"end":{"line":74,"column":3}},"line":66},"3":{"name":"(anonymous_3)","decl":{"start":{"line":69,"column":24},"end":{"line":69,"column":25}},"loc":{"start":{"line":69,"column":34},"end":{"line":73,"column":5}},"line":69},"4":{"name":"(anonymous_4)","decl":{"start":{"line":76,"column":17},"end":{"line":76,"column":18}},"loc":{"start":{"line":76,"column":23},"end":{"line":76,"column":57}},"line":76},"5":{"name":"(anonymous_5)","decl":{"start":{"line":82,"column":22},"end":{"line":82,"column":23}},"loc":{"start":{"line":82,"column":36},"end":{"line":89,"column":1}},"line":82},"6":{"name":"(anonymous_6)","decl":{"start":{"line":84,"column":10},"end":{"line":84,"column":11}},"loc":{"start":{"line":84,"column":19},"end":{"line":84,"column":46}},"line":84},"7":{"name":"(anonymous_7)","decl":{"start":{"line":85,"column":11},"end":{"line":85,"column":12}},"loc":{"start":{"line":85,"column":18},"end":{"line":88,"column":5}},"line":85},"8":{"name":"(anonymous_8)","decl":{"start":{"line":91,"column":23},"end":{"line":91,"column":24}},"loc":{"start":{"line":91,"column":37},"end":{"line":100,"column":1}},"line":91},"9":{"name":"(anonymous_9)","decl":{"start":{"line":95,"column":10},"end":{"line":95,"column":11}},"loc":{"start":{"line":95,"column":16},"end":{"line":95,"column":42}},"line":95},"10":{"name":"(anonymous_10)","decl":{"start":{"line":96,"column":11},"end":{"line":96,"column":12}},"loc":{"start":{"line":96,"column":18},"end":{"line":99,"column":5}},"line":96},"11":{"name":"(anonymous_11)","decl":{"start":{"line":102,"column":26},"end":{"line":102,"column":27}},"loc":{"start":{"line":102,"column":40},"end":{"line":110,"column":1}},"line":102},"12":{"name":"(anonymous_12)","decl":{"start":{"line":105,"column":10},"end":{"line":105,"column":11}},"loc":{"start":{"line":105,"column":18},"end":{"line":105,"column":44}},"line":105},"13":{"name":"(anonymous_13)","decl":{"start":{"line":106,"column":11},"end":{"line":106,"column":12}},"loc":{"start":{"line":106,"column":18},"end":{"line":109,"column":5}},"line":106},"14":{"name":"(anonymous_14)","decl":{"start":{"line":112,"column":29},"end":{"line":112,"column":30}},"loc":{"start":{"line":112,"column":43},"end":{"line":119,"column":1}},"line":112},"15":{"name":"(anonymous_15)","decl":{"start":{"line":114,"column":10},"end":{"line":114,"column":11}},"loc":{"start":{"line":114,"column":16},"end":{"line":114,"column":78}},"line":114},"16":{"name":"(anonymous_16)","decl":{"start":{"line":115,"column":11},"end":{"line":115,"column":12}},"loc":{"start":{"line":115,"column":18},"end":{"line":118,"column":5}},"line":115},"17":{"name":"(anonymous_17)","decl":{"start":{"line":124,"column":26},"end":{"line":124,"column":27}},"loc":{"start":{"line":124,"column":40},"end":{"line":127,"column":1}},"line":124},"18":{"name":"(anonymous_18)","decl":{"start":{"line":129,"column":35},"end":{"line":129,"column":36}},"loc":{"start":{"line":129,"column":49},"end":{"line":157,"column":1}},"line":129},"19":{"name":"(anonymous_19)","decl":{"start":{"line":139,"column":10},"end":{"line":139,"column":11}},"loc":{"start":{"line":139,"column":15},"end":{"line":139,"column":34}},"line":139},"20":{"name":"(anonymous_20)","decl":{"start":{"line":140,"column":10},"end":{"line":140,"column":11}},"loc":{"start":{"line":140,"column":19},"end":{"line":142,"column":6}},"line":140},"21":{"name":"(anonymous_21)","decl":{"start":{"line":143,"column":10},"end":{"line":143,"column":11}},"loc":{"start":{"line":143,"column":15},"end":{"line":151,"column":5}},"line":143},"22":{"name":"(anonymous_22)","decl":{"start":{"line":152,"column":10},"end":{"line":152,"column":11}},"loc":{"start":{"line":152,"column":16},"end":{"line":152,"column":47}},"line":152},"23":{"name":"(anonymous_23)","decl":{"start":{"line":153,"column":11},"end":{"line":153,"column":12}},"loc":{"start":{"line":153,"column":18},"end":{"line":156,"column":5}},"line":153},"24":{"name":"(anonymous_24)","decl":{"start":{"line":159,"column":24},"end":{"line":159,"column":25}},"loc":{"start":{"line":159,"column":38},"end":{"line":162,"column":1}},"line":159},"25":{"name":"(anonymous_25)","decl":{"start":{"line":164,"column":33},"end":{"line":164,"column":34}},"loc":{"start":{"line":164,"column":47},"end":{"line":192,"column":1}},"line":164},"26":{"name":"(anonymous_26)","decl":{"start":{"line":174,"column":10},"end":{"line":174,"column":11}},"loc":{"start":{"line":174,"column":15},"end":{"line":174,"column":34}},"line":174},"27":{"name":"(anonymous_27)","decl":{"start":{"line":175,"column":10},"end":{"line":175,"column":11}},"loc":{"start":{"line":175,"column":19},"end":{"line":177,"column":6}},"line":175},"28":{"name":"(anonymous_28)","decl":{"start":{"line":178,"column":10},"end":{"line":178,"column":11}},"loc":{"start":{"line":178,"column":15},"end":{"line":186,"column":5}},"line":178},"29":{"name":"(anonymous_29)","decl":{"start":{"line":187,"column":10},"end":{"line":187,"column":11}},"loc":{"start":{"line":187,"column":16},"end":{"line":187,"column":45}},"line":187},"30":{"name":"(anonymous_30)","decl":{"start":{"line":188,"column":11},"end":{"line":188,"column":12}},"loc":{"start":{"line":188,"column":18},"end":{"line":191,"column":5}},"line":188},"31":{"name":"(anonymous_31)","decl":{"start":{"line":209,"column":19},"end":{"line":209,"column":20}},"loc":{"start":{"line":209,"column":25},"end":{"line":209,"column":70}},"line":209}},"branchMap":{"0":{"loc":{"start":{"line":22,"column":17},"end":{"line":22,"column":48}},"type":"binary-expr","locations":[{"start":{"line":22,"column":17},"end":{"line":22,"column":38}},{"start":{"line":22,"column":42},"end":{"line":22,"column":48}}],"line":22},"1":{"loc":{"start":{"line":60,"column":15},"end":{"line":60,"column":57}},"type":"cond-expr","locations":[{"start":{"line":60,"column":49},"end":{"line":60,"column":50}},{"start":{"line":60,"column":53},"end":{"line":60,"column":57}}],"line":60},"2":{"loc":{"start":{"line":70,"column":6},"end":{"line":72,"column":7}},"type":"if","locations":[{"start":{"line":70,"column":6},"end":{"line":72,"column":7}},{"start":{},"end":{}}],"line":70},"3":{"loc":{"start":{"line":70,"column":10},"end":{"line":70,"column":63}},"type":"binary-expr","locations":[{"start":{"line":70,"column":10},"end":{"line":70,"column":23}},{"start":{"line":70,"column":27},"end":{"line":70,"column":63}}],"line":70},"4":{"loc":{"start":{"line":207,"column":0},"end":{"line":210,"column":1}},"type":"if","locations":[{"start":{"line":207,"column":0},"end":{"line":210,"column":1}},{"start":{},"end":{}}],"line":207}},"s":{"0":1,"1":1,"2":1,"3":1,"4":1,"5":1,"6":1,"7":1,"8":1,"9":1,"10":1,"11":1,"12":1,"13":1,"14":1,"15":1,"16":1,"17":1,"18":1,"19":1,"20":1,"21":1,"22":1,"23":2,"24":2,"25":1,"26":1,"27":2,"28":1,"29":2,"30":2,"31":1,"32":4,"33":0,"34":4,"35":4,"36":1,"37":4,"38":4,"39":4,"40":0,"41":4,"42":4,"43":1,"44":4,"45":4,"46":0,"47":4,"48":4,"49":1,"50":3,"51":0,"52":3,"53":3,"54":1,"55":1,"56":1,"57":1,"58":1,"59":1,"60":1,"61":1,"62":1,"63":1,"64":1,"65":0,"66":1,"67":1,"68":1,"69":1,"70":1,"71":1,"72":1,"73":1,"74":1,"75":1,"76":1,"77":1,"78":1,"79":0,"80":1,"81":1,"82":1,"83":1,"84":1,"85":0,"86":0,"87":0},"f":{"0":1,"1":2,"2":1,"3":2,"4":2,"5":4,"6":0,"7":4,"8":4,"9":0,"10":4,"11":4,"12":0,"13":4,"14":3,"15":0,"16":3,"17":1,"18":1,"19":1,"20":1,"21":1,"22":0,"23":1,"24":1,"25":1,"26":1,"27":1,"28":1,"29":0,"30":1,"31":0},"b":{"0":[1,1],"1":[1,0],"2":[1,1],"3":[2,1],"4":[0,1]},"_coverageSchema":"1a1c01bbd47fc00a2c39e90264f33305004495a9","hash":"fae0664d61cce49c123385b8a634230d2dd26d5c"}
}
