TN:
SF:server.js
FN:26,(anonymous_0)
FN:63,(anonymous_1)
FN:66,(anonymous_2)
FN:69,(anonymous_3)
FN:76,(anonymous_4)
FN:82,(anonymous_5)
FN:84,(anonymous_6)
FN:85,(anonymous_7)
FN:91,(anonymous_8)
FN:95,(anonymous_9)
FN:96,(anonymous_10)
FN:102,(anonymous_11)
FN:105,(anonymous_12)
FN:106,(anonymous_13)
FN:112,(anonymous_14)
FN:114,(anonymous_15)
FN:115,(anonymous_16)
FN:124,(anonymous_17)
FN:129,(anonymous_18)
FN:139,(anonymous_19)
FN:140,(anonymous_20)
FN:143,(anonymous_21)
FN:152,(anonymous_22)
FN:153,(anonymous_23)
FN:159,(anonymous_24)
FN:164,(anonymous_25)
FN:174,(anonymous_26)
FN:175,(anonymous_27)
FN:178,(anonymous_28)
FN:187,(anonymous_29)
FN:188,(anonymous_30)
FN:209,(anonymous_31)
FNF:32
FNH:25
FNDA:1,(anonymous_0)
FNDA:2,(anonymous_1)
FNDA:1,(anonymous_2)
FNDA:2,(anonymous_3)
FNDA:2,(anonymous_4)
FNDA:4,(anonymous_5)
FNDA:0,(anonymous_6)
FNDA:4,(anonymous_7)
FNDA:4,(anonymous_8)
FNDA:0,(anonymous_9)
FNDA:4,(anonymous_10)
FNDA:4,(anonymous_11)
FNDA:0,(anonymous_12)
FNDA:4,(anonymous_13)
FNDA:3,(anonymous_14)
FNDA:0,(anonymous_15)
FNDA:3,(anonymous_16)
FNDA:1,(anonymous_17)
FNDA:1,(anonymous_18)
FNDA:1,(anonymous_19)
FNDA:1,(anonymous_20)
FNDA:1,(anonymous_21)
FNDA:0,(anonymous_22)
FNDA:1,(anonymous_23)
FNDA:1,(anonymous_24)
FNDA:1,(anonymous_25)
FNDA:1,(anonymous_26)
FNDA:1,(anonymous_27)
FNDA:1,(anonymous_28)
FNDA:0,(anonymous_29)
FNDA:1,(anonymous_30)
FNDA:0,(anonymous_31)
DA:5,1
DA:6,1
DA:7,1
DA:8,1
DA:9,1
DA:10,1
DA:12,1
DA:13,1
DA:21,1
DA:22,1
DA:24,1
DA:26,1
DA:32,1
DA:42,1
DA:43,1
DA:44,1
DA:45,1
DA:47,1
DA:48,1
DA:53,1
DA:60,1
DA:61,1
DA:63,1
DA:64,2
DA:66,2
DA:67,1
DA:69,1
DA:70,2
DA:71,1
DA:76,2
DA:82,1
DA:83,4
DA:84,0
DA:86,4
DA:87,4
DA:91,1
DA:92,4
DA:93,4
DA:94,4
DA:95,0
DA:97,4
DA:98,4
DA:102,1
DA:103,4
DA:104,4
DA:105,0
DA:107,4
DA:108,4
DA:112,1
DA:113,3
DA:114,0
DA:116,3
DA:117,3
DA:124,1
DA:125,1
DA:126,1
DA:129,1
DA:130,1
DA:132,1
DA:139,1
DA:140,1
DA:144,1
DA:145,1
DA:150,1
DA:152,0
DA:154,1
DA:155,1
DA:159,1
DA:160,1
DA:161,1
DA:164,1
DA:165,1
DA:167,1
DA:174,1
DA:175,1
DA:179,1
DA:180,1
DA:185,1
DA:187,0
DA:189,1
DA:190,1
DA:197,1
DA:202,1
DA:207,1
DA:208,0
DA:209,0
LF:86
LH:78
BRDA:22,0,0,1
BRDA:22,0,1,1
BRDA:60,1,0,1
BRDA:60,1,1,0
BRDA:70,2,0,1
BRDA:70,2,1,1
BRDA:70,3,0,2
BRDA:70,3,1,1
BRDA:207,4,0,0
BRDA:207,4,1,1
BRF:10
BRH:8
end_of_record
